<?xml version="1.0" encoding="UTF-8"?>
<!-- Generated by org.testng.reporters.JUnitReportReporter -->
<testsuite hostname="DESKTOP-95FGH62" failures="0" tests="3" name="tests.LoginTests" time="59.805" errors="0" timestamp="2025-08-02T10:03:01 IST" skipped="1">
  <testcase classname="tests.LoginTests" name="testLoginButtonDisabledWhenFieldsEmpty" time="14.790"/>
  <testcase classname="tests.LoginTests" name="testInvalidLoginShowsErrorMsg" time="36.173">
    <skipped/>
  </testcase> <!-- testInvalidLoginShowsErrorMsg -->
  <testcase classname="tests.LoginTests" name="testPasswordMaskedButton" time="8.842"/>
</testsuite> <!-- tests.LoginTests -->
